<?xml version="1.0" encoding="UTF-8"?>
<testsuite name="testscripts.display.DisplayMusicTabPlaylistStyleTest" time="274.887" tests="1" errors="0" skipped="0" failures="1">
  <properties>
[...]
</properties>
  <testcase name="checkEnableMusicPlaylist" classname="testscripts.display.DisplayMusicTabPlaylistStyleTest" time="274.887">
    <failure message="{&quot;errorMessage&quot;:&quot;Unable to find element with xpath &apos;//div[@class=&apos;mejs-controls&apos;]/div[2]/button&apos;&quot;,&quot;request&quot;:{&quot;headers&quot;:{&quot;Accept&quot;:&quot;application/json, image/png&quot;,&quot;Connection&quot;:&quot;Keep-Alive&quot;,&quot;Content-Length&quot;:&quot;71&quot;,&quot;Content-Type&quot;:&quot;application/json; charset=utf-8&quot;,&quot;Host&quot;:&quot;localhost:1469&quot;},&quot;httpVersion&quot;:&quot;1.1&quot;,&quot;method&quot;:&quot;POST&quot;,&quot;post&quot;:&quot;{\&quot;using\&quot;:\&quot;xpath\&quot;,\&quot;value\&quot;:\&quot;//div[@class=&apos;mejs-controls&apos;]/div[2]/button\&quot;}&quot;,&quot;url&quot;:&quot;/element&quot;,&quot;urlParsed&quot;:{&quot;anchor&quot;:&quot;&quot;,&quot;query&quot;:&quot;&quot;,&quot;file&quot;:&quot;element&quot;,&quot;directory&quot;:&quot;/&quot;,&quot;path&quot;:&quot;/element&quot;,&quot;relative&quot;:&quot;/element&quot;,&quot;port&quot;:&quot;&quot;,&quot;host&quot;:&quot;&quot;,&quot;password&quot;:&quot;&quot;,&quot;user&quot;:&quot;&quot;,&quot;userInfo&quot;:&quot;&quot;,&quot;authority&quot;:&quot;&quot;,&quot;protocol&quot;:&quot;&quot;,&quot;source&quot;:&quot;/element&quot;,&quot;queryKey&quot;:{},&quot;chunks&quot;:[&quot;element&quot;]},&quot;urlOriginal&quot;:&quot;/session/f67db7d0-bb66-11e4-9e9b-4f456a2170e0/element&quot;}}&#10;Command duration or timeout: 10.92 seconds&#10;For documentation on this error, please visit: http://seleniumhq.org/exceptions/no_such_element.html&#10;Build info: version: &apos;2.41.0&apos;, revision: &apos;3192d8a6c4449dc285928ba024779344f5423c58&apos;, time: &apos;2014-03-27 11:29:39&apos;&#10;System info: host: &apos;rtcamp-desktop&apos;, ip: &apos;127.0.1.1&apos;, os.name: &apos;Linux&apos;, os.arch: &apos;amd64&apos;, os.version: &apos;3.13.0-45-generic&apos;, java.version: &apos;1.8.0_25&apos;&#10;Driver info: org.openqa.selenium.phantomjs.PhantomJSDriver&#10;Capabilities [{applicationCacheEnabled=false, rotatable=false, handlesAlerts=false, databaseEnabled=false, version=1.9.7, platform=LINUX, browserConnectionEnabled=false, proxy={proxyType=direct}, nativeEvents=true, acceptSslCerts=false, driverVersion=1.1.0, locationContextEnabled=false, webStorageEnabled=false, browserName=phantomjs, takesScreenshot=true, driverName=ghostdriver, javascriptEnabled=true, cssSelectorsEnabled=true}]&#10;Session ID: f67db7d0-bb66-11e4-9e9b-4f456a2170e0" type="org.openqa.selenium.NoSuchElementException">org.openqa.selenium.NoSuchElementException: {"errorMessage":"Unable to find element with xpath '//div[@class='mejs-controls']/div[2]/button'","request":{"headers":{"Accept":"application/json, image/png","Connection":"Keep-Alive","Content-Length":"71","Content-Type":"application/json; charset=utf-8","Host":"localhost:1469"},"httpVersion":"1.1","method":"POST","post":"{\"using\":\"xpath\",\"value\":\"//div[@class='mejs-controls']/div[2]/button\"}","url":"/element","urlParsed":{"anchor":"","query":"","file":"element","directory":"/","path":"/element","relative":"/element","port":"","host":"","password":"","user":"","userInfo":"","authority":"","protocol":"","source":"/element","queryKey":{},"chunks":["element"]},"urlOriginal":"/session/f67db7d0-bb66-11e4-9e9b-4f456a2170e0/element"}}
Command duration or timeout: 10.92 seconds
For documentation on this error, please visit: http://seleniumhq.org/exceptions/no_such_element.html
Build info: version: '2.41.0', revision: '3192d8a6c4449dc285928ba024779344f5423c58', time: '2014-03-27 11:29:39'
System info: host: 'rtcamp-desktop', ip: '127.0.1.1', os.name: 'Linux', os.arch: 'amd64', os.version: '3.13.0-45-generic', java.version: '1.8.0_25'
Driver info: org.openqa.selenium.phantomjs.PhantomJSDriver
Capabilities [{applicationCacheEnabled=false, rotatable=false, handlesAlerts=false, databaseEnabled=false, version=1.9.7, platform=LINUX, browserConnectionEnabled=false, proxy={proxyType=direct}, nativeEvents=true, acceptSslCerts=false, driverVersion=1.1.0, locationContextEnabled=false, webStorageEnabled=false, browserName=phantomjs, takesScreenshot=true, driverName=ghostdriver, javascriptEnabled=true, cssSelectorsEnabled=true}]
Session ID: f67db7d0-bb66-11e4-9e9b-4f456a2170e0
	at org.openqa.selenium.remote.ErrorHandler.throwIfResponseFailed(ErrorHandler.java:125)
	at org.openqa.selenium.remote.RemoteWebDriver.execute(RemoteWebDriver.java:595)
	at org.openqa.selenium.remote.RemoteWebDriver.findElement(RemoteWebDriver.java:348)
	at org.openqa.selenium.remote.RemoteWebDriver.findElementByXPath(RemoteWebDriver.java:445)
	at org.openqa.selenium.By$ByXPath.findElement(By.java:357)
	at org.openqa.selenium.remote.RemoteWebDriver.findElement(RemoteWebDriver.java:340)
	at testscripts.display.DisplayMusicTabPlaylistStyleTest.checkEnableMusicPlaylist(DisplayMusicTabPlaylistStyleTest.java:95)
Caused by: org.openqa.selenium.remote.ErrorHandler$UnknownServerException: {"errorMessage":"Unable to find element with xpath '//div[@class='mejs-controls']/div[2]/button'","request":{"headers":{"Accept":"application/json, image/png","Connection":"Keep-Alive","Content-Length":"71","Content-Type":"application/json; charset=utf-8","Host":"localhost:1469"},"httpVersion":"1.1","method":"POST","post":"{\"using\":\"xpath\",\"value\":\"//div[@class='mejs-controls']/div[2]/button\"}","url":"/element","urlParsed":{"anchor":"","query":"","file":"element","directory":"/","path":"/element","relative":"/element","port":"","host":"","password":"","user":"","userInfo":"","authority":"","protocol":"","source":"/element","queryKey":{},"chunks":["element"]},"urlOriginal":"/session/f67db7d0-bb66-11e4-9e9b-4f456a2170e0/element"}}
Build info: version: '2.41.0', revision: '3192d8a6c4449dc285928ba024779344f5423c58', time: '2014-03-27 11:29:39'
System info: host: 'rtcamp-desktop', ip: '127.0.1.1', os.name: 'Linux', os.arch: 'amd64', os.version: '3.13.0-45-generic', java.version: '1.8.0_25'
Driver info: driver.version: unknown
</failure>
    <system-out><![CDATA[Configuring TestNG with: TestNG652Configurator
Correctly Logged In
Dashboard Clicked
rtMedia Clicked
BuddyPress Tab Opened
'Allow Upload From Activity Stream' is already on
Types  Tab Opened
The Switch for enabling Music  is already ON
Settings saved
 Clicked Activity
Attach Files Clicked
Check Music  text entered
Post Update button clicked
Correctly Logged In
Dashboard Clicked
rtMedia Clicked
display clicked
rtMedia Settings Saved
Correctly Logged In from another user
clicked TestEditor
Media clicked
music clicked
]]></system-out>
    <system-err><![CDATA[Feb 23, 2015 7:46:56 PM org.openqa.selenium.phantomjs.PhantomJSDriverService <init>
INFO: executable: /usr/local/bin/phantomjs
Feb 23, 2015 7:46:56 PM org.openqa.selenium.phantomjs.PhantomJSDriverService <init>
INFO: port: 22564
Feb 23, 2015 7:46:56 PM org.openqa.selenium.phantomjs.PhantomJSDriverService <init>
INFO: arguments: [--webdriver=22564, --webdriver-logfile=/home/rtcamp/GitClone/testing/target/phantomjsdriver.log]
Feb 23, 2015 7:46:56 PM org.openqa.selenium.phantomjs.PhantomJSDriverService <init>
INFO: environment: {}
PhantomJS is launching GhostDriver...
[INFO  - 2015-02-23T14:16:57.615Z] GhostDriver - Main - running on port 22564
[INFO  - 2015-02-23T14:16:58.038Z] Session [a069e3f0-bb66-11e4-8098-df9135035ea7] - page.settings - {"XSSAuditingEnabled":false,"javascriptCanCloseWindows":true,"javascriptCanOpenWindows":true,"javascriptEnabled":true,"loadImages":true,"localToRemoteUrlAccessEnabled":false,"userAgent":"Mozilla/5.0 (Unknown; Linux x86_64) AppleWebKit/534.34 (KHTML, like Gecko) PhantomJS/1.9.7 Safari/534.34","webSecurityEnabled":true}
[INFO  - 2015-02-23T14:16:58.038Z] Session [a069e3f0-bb66-11e4-8098-df9135035ea7] - page.customHeaders:  - {}
[INFO  - 2015-02-23T14:16:58.038Z] Session [a069e3f0-bb66-11e4-8098-df9135035ea7] - Session.negotiatedCapabilities - {"browserName":"phantomjs","version":"1.9.7","driverName":"ghostdriver","driverVersion":"1.1.0","platform":"linux-unknown-64bit","javascriptEnabled":true,"takesScreenshot":true,"handlesAlerts":false,"databaseEnabled":false,"locationContextEnabled":false,"applicationCacheEnabled":false,"browserConnectionEnabled":false,"cssSelectorsEnabled":true,"webStorageEnabled":false,"rotatable":false,"acceptSslCerts":false,"nativeEvents":true,"proxy":{"proxyType":"direct"}}
[INFO  - 2015-02-23T14:16:58.039Z] SessionManagerReqHand - _postNewSessionCommand - New Session Created: a069e3f0-bb66-11e4-8098-df9135035ea7
Feb 23, 2015 7:49:21 PM org.openqa.selenium.phantomjs.PhantomJSDriverService <init>
INFO: executable: /usr/local/bin/phantomjs
Feb 23, 2015 7:49:21 PM org.openqa.selenium.phantomjs.PhantomJSDriverService <init>
INFO: port: 1469
Feb 23, 2015 7:49:21 PM org.openqa.selenium.phantomjs.PhantomJSDriverService <init>
INFO: arguments: [--webdriver=1469, --webdriver-logfile=/home/rtcamp/GitClone/testing/target/phantomjsdriver.log]
Feb 23, 2015 7:49:21 PM org.openqa.selenium.phantomjs.PhantomJSDriverService <init>
INFO: environment: {}
PhantomJS is launching GhostDriver...
[INFO  - 2015-02-23T14:19:22.371Z] GhostDriver - Main - running on port 1469
[INFO  - 2015-02-23T14:19:22.450Z] Session [f67db7d0-bb66-11e4-9e9b-4f456a2170e0] - page.settings - {"XSSAuditingEnabled":false,"javascriptCanCloseWindows":true,"javascriptCanOpenWindows":true,"javascriptEnabled":true,"loadImages":true,"localToRemoteUrlAccessEnabled":false,"userAgent":"Mozilla/5.0 (Unknown; Linux x86_64) AppleWebKit/534.34 (KHTML, like Gecko) PhantomJS/1.9.7 Safari/534.34","webSecurityEnabled":true}
[INFO  - 2015-02-23T14:19:22.450Z] Session [f67db7d0-bb66-11e4-9e9b-4f456a2170e0] - page.customHeaders:  - {}
[INFO  - 2015-02-23T14:19:22.451Z] Session [f67db7d0-bb66-11e4-9e9b-4f456a2170e0] - Session.negotiatedCapabilities - {"browserName":"phantomjs","version":"1.9.7","driverName":"ghostdriver","driverVersion":"1.1.0","platform":"linux-unknown-64bit","javascriptEnabled":true,"takesScreenshot":true,"handlesAlerts":false,"databaseEnabled":false,"locationContextEnabled":false,"applicationCacheEnabled":false,"browserConnectionEnabled":false,"cssSelectorsEnabled":true,"webStorageEnabled":false,"rotatable":false,"acceptSslCerts":false,"nativeEvents":true,"proxy":{"proxyType":"direct"}}
[INFO  - 2015-02-23T14:19:22.451Z] SessionManagerReqHand - _postNewSessionCommand - New Session Created: f67db7d0-bb66-11e4-9e9b-4f456a2170e0
Feb 23, 2015 7:50:43 PM org.openqa.selenium.phantomjs.PhantomJSDriverService <init>
INFO: executable: /usr/local/bin/phantomjs
Feb 23, 2015 7:50:43 PM org.openqa.selenium.phantomjs.PhantomJSDriverService <init>
INFO: port: 5223
Feb 23, 2015 7:50:43 PM org.openqa.selenium.phantomjs.PhantomJSDriverService <init>
INFO: arguments: [--webdriver=5223, --webdriver-logfile=/home/rtcamp/GitClone/testing/target/phantomjsdriver.log]
Feb 23, 2015 7:50:43 PM org.openqa.selenium.phantomjs.PhantomJSDriverService <init>
INFO: environment: {}
PhantomJS is launching GhostDriver...
[INFO  - 2015-02-23T14:20:43.741Z] GhostDriver - Main - running on port 5223
[INFO  - 2015-02-23T14:20:44.079Z] Session [27252990-bb67-11e4-a383-f12072bdf6e1] - page.settings - {"XSSAuditingEnabled":false,"javascriptCanCloseWindows":true,"javascriptCanOpenWindows":true,"javascriptEnabled":true,"loadImages":true,"localToRemoteUrlAccessEnabled":false,"userAgent":"Mozilla/5.0 (Unknown; Linux x86_64) AppleWebKit/534.34 (KHTML, like Gecko) PhantomJS/1.9.7 Safari/534.34","webSecurityEnabled":true}
[INFO  - 2015-02-23T14:20:44.081Z] Session [27252990-bb67-11e4-a383-f12072bdf6e1] - page.customHeaders:  - {}
[INFO  - 2015-02-23T14:20:44.081Z] Session [27252990-bb67-11e4-a383-f12072bdf6e1] - Session.negotiatedCapabilities - {"browserName":"phantomjs","version":"1.9.7","driverName":"ghostdriver","driverVersion":"1.1.0","platform":"linux-unknown-64bit","javascriptEnabled":true,"takesScreenshot":true,"handlesAlerts":false,"databaseEnabled":false,"locationContextEnabled":false,"applicationCacheEnabled":false,"browserConnectionEnabled":false,"cssSelectorsEnabled":true,"webStorageEnabled":false,"rotatable":false,"acceptSslCerts":false,"nativeEvents":true,"proxy":{"proxyType":"direct"}}
[INFO  - 2015-02-23T14:20:44.081Z] SessionManagerReqHand - _postNewSessionCommand - New Session Created: 27252990-bb67-11e4-a383-f12072bdf6e1
[ERROR - 2015-02-23T14:21:30.341Z] WebElementLocator - _handleLocateCommand - Element(s) NOT Found: GAVE UP. Search Stop Time: 1424701290280
]]></system-err>
  </testcase>
</testsuite>