<?xml version="1.0" encoding="UTF-8"?>
<testng-results skipped="0" failed="0" total="1" passed="1">
  <reporter-output>
  </reporter-output>
  <suite name="Default suite" duration-ms="261675" started-at="2015-01-14T09:06:50Z" finished-at="2015-01-14T09:11:12Z">
    <groups>
    </groups>
    <test name="Default test" duration-ms="261675" started-at="2015-01-14T09:06:50Z" finished-at="2015-01-14T09:11:12Z">
      <class name="testscripts.SetupTest">
        <test-method status="PASS" signature="setupThePrerequisites()[pri:0, instance:testscripts.SetupTest@4563e9ab]" name="setupThePrerequisites" duration-ms="261655" started-at="2015-01-14T14:36:50Z" finished-at="2015-01-14T14:41:12Z">
          <reporter-output>
          </reporter-output>
        </test-method> <!-- setupThePrerequisites -->
      </class> <!-- testscripts.SetupTest -->
    </test> <!-- Default test -->
  </suite> <!-- Default suite -->
</testng-results>
