<?xml version="1.0" encoding="UTF-8"?>
<!-- Generated by org.testng.reporters.JUnitXMLReporter -->
<testsuite hostname="rtcamp-desktop" name=" Set numberOfMediaItemsInActivitySreamOtherRoles" tests="1" failures="0" timestamp="28 Jan 2015 11:37:10 GMT" time="79.35" errors="0">
  <testcase name="numberOfMediaItemsInActivityOtherRoles" time="79.348" classname="testscripts.buddyPress.numberOfMediaItemsInActivitySreamOtherRolesTest"/>
</testsuite> <!--  Set numberOfMediaItemsInActivitySreamOtherRoles -->
